ERROR:root:			shell execute have error! code: 512  cmd:
/usr/local/python/bin/zdaemon  -C /home/luopan/devspace/mara_cron/conf/used/zdaemon--1.xml  stop 
ERROR:root:			shell execute have error! code: 512  cmd:
/usr/local/python/bin/zdaemon  -C /home/luopan/devspace/mara_cron/conf/used/zdaemon-watcher-1.xml  stop 
ERROR:root:			shell execute have error! code: 2  cmd:
/usr/local/php-7.0/bin/php  -d error_reporting="E_ALL&~E_NOTICE"   -c /home/luopan/devspace/mara_cron/conf/used/console_php.ini src/sys_console/cron_watcher.php  
ERROR:root:			shell execute have error! code: 2  cmd:
/usr/local/php-7.0/bin/php  -d error_reporting="E_ALL&~E_NOTICE"   -c /home/luopan/devspace/mara_cron/conf/used/console_php.ini src/sys_console/cron_watcher.php  
ERROR:root:			shell execute have error! code: 65280  cmd:
/usr/local/php-7.0/bin/php  -d error_reporting="E_ALL&~E_NOTICE"   -c /home/luopan/devspace/mara_cron/conf/used/console_php.ini src/sys_console/cron_watcher.php  
ERROR:root:			shell execute have error! code: 65280  cmd:
/usr/local/php-7.0/bin/php  -d error_reporting="E_ALL&~E_NOTICE"   -c /home/luopan/devspace/mara_cron/conf/used/console_php.ini src/sys_console/cron_watcher.php  
ERROR:root:			shell execute have error! code: 2  cmd:
/usr/local/php-7.0/bin/php  -d error_reporting="E_ALL&~E_NOTICE"   -c /home/luopan/devspace/mara_cron/conf/used/console_php.ini src/sys_console/cron_watcher.php  
ERROR:root:			shell execute have error! code: 2  cmd:
/usr/local/php-7.0/bin/php  -d error_reporting="E_ALL&~E_NOTICE"   -c /home/luopan/devspace/mara_cron/conf/used/console_php.ini src/sys_console/cron_watcher.php  
ERROR:root:			shell execute have error! code: 2  cmd:
/usr/local/php-7.0/bin/php  -d error_reporting="E_ALL&~E_NOTICE"   -c /home/luopan/devspace/mara_cron/conf/used/console_php.ini src/sys_console/cron_watcher.php  
ERROR:root:			shell execute have error! code: 2  cmd:
/usr/local/php-7.0/bin/php  -d error_reporting="E_ALL&~E_NOTICE"   -c /home/luopan/devspace/mara_cron/conf/used/console_php.ini src/sys_console/cron_watcher.php  
ERROR:root:			shell execute have error! code: 2  cmd:
/usr/local/php-7.0/bin/php  -d error_reporting="E_ALL&~E_NOTICE"   -c /home/luopan/devspace/mara_cron/conf/used/console_php.ini src/sys_console/cron_watcher.php  
ERROR:root:			shell execute have error! code: 2  cmd:
/usr/local/php-7.0/bin/php  -d error_reporting="E_ALL&~E_NOTICE"   -c /home/luopan/devspace/mara_cron/conf/used/console_php.ini src/sys_console/cron_watcher.php  
ERROR:root:			shell execute have error! code: 2  cmd:
/usr/local/php-7.0/bin/php  -d error_reporting="E_ALL&~E_NOTICE"   -c /home/luopan/devspace/mara_cron/conf/used/console_php.ini src/sys_console/cron_watcher.php  
ERROR:root:			shell execute have error! code: 2  cmd:
/usr/local/php-7.0/bin/php  -d error_reporting="E_ALL&~E_NOTICE"   -c /home/luopan/devspace/mara_cron/conf/used/console_php.ini src/sys_console/cron_watcher.php  
ERROR:root:			shell execute have error! code: 2  cmd:
/usr/local/php-7.0/bin/php  -d error_reporting="E_ALL&~E_NOTICE"   -c /home/luopan/devspace/mara_cron/conf/used/console_php.ini src/sys_console/cron_watcher.php  
ERROR:root:			shell execute have error! code: 2  cmd:
/usr/local/php-7.0/bin/php  -d error_reporting="E_ALL&~E_NOTICE"   -c /home/luopan/devspace/mara_cron/conf/used/console_php.ini src/sys_console/cron_watcher.php  
ERROR:root:			shell execute have error! code: 2  cmd:
/usr/local/php-7.0/bin/php  -d error_reporting="E_ALL&~E_NOTICE"   -c /home/luopan/devspace/mara_cron/conf/used/console_php.ini src/sys_console/cron_watcher.php  
ERROR:root:			shell execute have error! code: 2  cmd:
/usr/local/php-7.0/bin/php  -d error_reporting="E_ALL&~E_NOTICE"   -c /home/luopan/devspace/mara_cron/conf/used/console_php.ini src/sys_console/cron_watcher.php  
ERROR:root:			shell execute have error! code: 2  cmd:
/usr/local/php-7.0/bin/php  -d error_reporting="E_ALL&~E_NOTICE"   -c /home/luopan/devspace/mara_cron/conf/used/console_php.ini src/sys_console/cron_watcher.php  
ERROR:root:			shell execute have error! code: 2  cmd:
/usr/local/php-7.0/bin/php  -d error_reporting="E_ALL&~E_NOTICE"   -c /home/luopan/devspace/mara_cron/conf/used/console_php.ini src/sys_console/cron_watcher.php  
ERROR:root:			shell execute have error! code: 2  cmd:
/usr/local/php-7.0/bin/php  -d error_reporting="E_ALL&~E_NOTICE"   -c /home/luopan/devspace/mara_cron/conf/used/console_php.ini src/sys_console/cron_watcher.php  
ERROR:root:			shell execute have error! code: 2  cmd:
/usr/local/php-7.0/bin/php  -d error_reporting="E_ALL&~E_NOTICE"   -c /home/luopan/devspace/mara_cron/conf/used/console_php.ini src/sys_console/cron_watcher.php  
ERROR:root:			shell execute have error! code: 2  cmd:
/usr/local/php-7.0/bin/php  -d error_reporting="E_ALL&~E_NOTICE"   -c /home/luopan/devspace/mara_cron/conf/used/console_php.ini src/sys_console/cron_watcher.php  
ERROR:root:				shell execute have error! code: 65280  cmd:
/usr/local/php-7.0/bin/php  -d error_reporting="E_ALL&~E_NOTICE"   -c /home/luopan/devspace/mara_cron/conf/used//test_php.ini /usr/local/php/bin/phpunit  --configuration /home/luopan/devspace/mara_cron/test/phpunit.xml --coverage-clover test/reports/phpunit.coverage.xml --log-junit test/reports/phpunit.report.xml
ERROR:root:				shell execute have error! code: 65280  cmd:
/usr/local/php-7.0/bin/php  -d error_reporting="E_ALL&~E_NOTICE"   -c /home/luopan/devspace/mara_cron/conf/used//test_php.ini /usr/local/php/bin/phpunit  --configuration /home/luopan/devspace/mara_cron/test/phpunit.xml --coverage-clover test/reports/phpunit.coverage.xml --log-junit test/reports/phpunit.report.xml
ERROR:root:				shell execute have error! code: 65280  cmd:
/usr/local/php-7.0/bin/php  -d error_reporting="E_ALL&~E_NOTICE"   -c /home/luopan/devspace/mara_cron/conf/used//test_php.ini /usr/local/php/bin/phpunit  --configuration /home/luopan/devspace/mara_cron/test/phpunit.xml --coverage-clover test/reports/phpunit.coverage.xml --log-junit test/reports/phpunit.report.xml
ERROR:root:				shell execute have error! code: 65280  cmd:
/usr/local/php-7.0/bin/php  -d error_reporting="E_ALL&~E_NOTICE"   -c /home/luopan/devspace/mara_cron/conf/used//test_php.ini /usr/local/php/bin/phpunit  --configuration /home/luopan/devspace/mara_cron/test/phpunit.xml --coverage-clover test/reports/phpunit.coverage.xml --log-junit test/reports/phpunit.report.xml
ERROR:root:				shell execute have error! code: 65280  cmd:
/usr/local/php-7.0/bin/php  -d error_reporting="E_ALL&~E_NOTICE"   -c /home/luopan/devspace/mara_cron/conf/used//test_php.ini /usr/local/php/bin/phpunit  --configuration /home/luopan/devspace/mara_cron/test/phpunit.xml --coverage-clover test/reports/phpunit.coverage.xml --log-junit test/reports/phpunit.report.xml
ERROR:root:				shell execute have error! code: 65280  cmd:
/usr/local/php-7.0/bin/php  -d error_reporting="E_ALL&~E_NOTICE"   -c /home/luopan/devspace/mara_cron/conf/used//test_php.ini /usr/local/php/bin/phpunit  --configuration /home/luopan/devspace/mara_cron/test/phpunit.xml --coverage-clover test/reports/phpunit.coverage.xml --log-junit test/reports/phpunit.report.xml
ERROR:root:				shell execute have error! code: 65280  cmd:
/usr/local/php-7.0/bin/php  -d error_reporting="E_ALL&~E_NOTICE"   -c /home/luopan/devspace/mara_cron/conf/used//test_php.ini /usr/local/php/bin/phpunit  --configuration /home/luopan/devspace/mara_cron/test/phpunit.xml --coverage-clover test/reports/phpunit.coverage.xml --log-junit test/reports/phpunit.report.xml
ERROR:root:				shell execute have error! code: 65280  cmd:
/usr/local/php-7.0/bin/php  -d error_reporting="E_ALL&~E_NOTICE"   -c /home/luopan/devspace/mara_cron/conf/used//test_php.ini /usr/local/php/bin/phpunit  --configuration /home/luopan/devspace/mara_cron/test/phpunit.xml --coverage-clover test/reports/phpunit.coverage.xml --log-junit test/reports/phpunit.report.xml
ERROR:root:				shell execute have error! code: 65280  cmd:
/usr/local/php-7.0/bin/php  -d error_reporting="E_ALL&~E_NOTICE"   -c /home/luopan/devspace/mara_cron/conf/used//test_php.ini /usr/local/php/bin/phpunit  --configuration /home/luopan/devspace/mara_cron/test/phpunit.xml --coverage-clover test/reports/phpunit.coverage.xml --log-junit test/reports/phpunit.report.xml
ERROR:root:				shell execute have error! code: 512  cmd:
/usr/local/php-7.0/bin/php  -d error_reporting="E_ALL&~E_NOTICE"   -c /home/luopan/devspace/mara_cron/conf/used//test_php.ini /usr/local/php/bin/phpunit  --configuration /home/luopan/devspace/mara_cron/test/phpunit.xml --coverage-clover test/reports/phpunit.coverage.xml --log-junit test/reports/phpunit.report.xml
ERROR:root:				shell execute have error! code: 512  cmd:
/usr/local/php-7.0/bin/php  -d error_reporting="E_ALL&~E_NOTICE"   -c /home/luopan/devspace/mara_cron/conf/used//test_php.ini /usr/local/php/bin/phpunit  --configuration /home/luopan/devspace/mara_cron/test/phpunit.xml --coverage-clover test/reports/phpunit.coverage.xml --log-junit test/reports/phpunit.report.xml
ERROR:root:				shell execute have error! code: 512  cmd:
/usr/local/php-7.0/bin/php  -d error_reporting="E_ALL&~E_NOTICE"   -c /home/luopan/devspace/mara_cron/conf/used//test_php.ini /usr/local/php/bin/phpunit  --configuration /home/luopan/devspace/mara_cron/test/phpunit.xml --coverage-clover test/reports/phpunit.coverage.xml --log-junit test/reports/phpunit.report.xml
ERROR:root:				shell execute have error! code: 512  cmd:
/usr/local/php-7.0/bin/php  -d error_reporting="E_ALL&~E_NOTICE"   -c /home/luopan/devspace/mara_cron/conf/used//test_php.ini /usr/local/php/bin/phpunit  --configuration /home/luopan/devspace/mara_cron/test/phpunit.xml --coverage-clover test/reports/phpunit.coverage.xml --log-junit test/reports/phpunit.report.xml
ERROR:root:				shell execute have error! code: 512  cmd:
/usr/local/php-7.0/bin/php  -d error_reporting="E_ALL&~E_NOTICE"   -c /home/luopan/devspace/mara_cron/conf/used//test_php.ini /usr/local/php/bin/phpunit  --configuration /home/luopan/devspace/mara_cron/test/phpunit.xml --coverage-clover test/reports/phpunit.coverage.xml --log-junit test/reports/phpunit.report.xml
ERROR:root:				shell execute have error! code: 512  cmd:
/usr/local/php-7.0/bin/php  -d error_reporting="E_ALL&~E_NOTICE"   -c /home/luopan/devspace/mara_cron/conf/used//test_php.ini /usr/local/php/bin/phpunit  --configuration /home/luopan/devspace/mara_cron/test/phpunit.xml --coverage-clover test/reports/phpunit.coverage.xml --log-junit test/reports/phpunit.report.xml
ERROR:root:				shell execute have error! code: 65280  cmd:
/usr/local/php-7.0/bin/php  -d error_reporting="E_ALL&~E_NOTICE"   -c /home/luopan/devspace/mara_cron/conf/used//test_php.ini /usr/local/php/bin/phpunit  --configuration /home/luopan/devspace/mara_cron/test/phpunit.xml --coverage-clover test/reports/phpunit.coverage.xml --log-junit test/reports/phpunit.report.xml
ERROR:root:				shell execute have error! code: 65280  cmd:
/usr/local/php-7.0/bin/php  -d error_reporting="E_ALL&~E_NOTICE"   -c /home/luopan/devspace/mara_cron/conf/used//test_php.ini /usr/local/php/bin/phpunit  --configuration /home/luopan/devspace/mara_cron/test/phpunit.xml --coverage-clover test/reports/phpunit.coverage.xml --log-junit test/reports/phpunit.report.xml
ERROR:root:				shell execute have error! code: 65280  cmd:
/usr/local/php-7.0/bin/php  -d error_reporting="E_ALL&~E_NOTICE"   -c /home/luopan/devspace/mara_cron/conf/used//test_php.ini /usr/local/php/bin/phpunit  --configuration /home/luopan/devspace/mara_cron/test/phpunit.xml --coverage-clover test/reports/phpunit.coverage.xml --log-junit test/reports/phpunit.report.xml
ERROR:root:				shell execute have error! code: 65280  cmd:
/usr/local/php-7.0/bin/php  -d error_reporting="E_ALL&~E_NOTICE"   -c /home/luopan/devspace/mara_cron/conf/used//test_php.ini /usr/local/php/bin/phpunit  --configuration /home/luopan/devspace/mara_cron/test/phpunit.xml --coverage-clover test/reports/phpunit.coverage.xml --log-junit test/reports/phpunit.report.xml
ERROR:root:				shell execute have error! code: 65280  cmd:
/usr/local/php-7.0/bin/php  -d error_reporting="E_ALL&~E_NOTICE"   -c /home/luopan/devspace/mara_cron/conf/used//test_php.ini /usr/local/php/bin/phpunit  --configuration /home/luopan/devspace/mara_cron/test/phpunit.xml --coverage-clover test/reports/phpunit.coverage.xml --log-junit test/reports/phpunit.report.xml
ERROR:root:				shell execute have error! code: 256  cmd:
/usr/local/php-7.0/bin/php  -d error_reporting="E_ALL&~E_NOTICE"   -c /home/luopan/devspace/mara_cron/conf/used//test_php.ini /usr/local/php/bin/phpunit  --configuration /home/luopan/devspace/mara_cron/test/phpunit.xml --coverage-clover test/reports/phpunit.coverage.xml --log-junit test/reports/phpunit.report.xml
ERROR:root:				shell execute have error! code: 256  cmd:
/usr/local/php-7.0/bin/php  -d error_reporting="E_ALL&~E_NOTICE"   -c /home/luopan/devspace/mara_cron/conf/used//test_php.ini /usr/local/php/bin/phpunit  --configuration /home/luopan/devspace/mara_cron/test/phpunit.xml --coverage-clover test/reports/phpunit.coverage.xml --log-junit test/reports/phpunit.report.xml
ERROR:root:				shell execute have error! code: 512  cmd:
/usr/local/php-7.0/bin/php  -d error_reporting="E_ALL&~E_NOTICE"   -c /home/luopan/devspace/mara_cron/conf/used//test_php.ini /usr/local/php/bin/phpunit  --configuration /home/luopan/devspace/mara_cron/test/phpunit.xml --coverage-clover test/reports/phpunit.coverage.xml --log-junit test/reports/phpunit.report.xml
ERROR:root:				shell execute have error! code: 65280  cmd:
/usr/local/php-7.0/bin/php  -d error_reporting="E_ALL&~E_NOTICE"   -c /home/luopan/devspace/mara_cron/conf/used//test_php.ini /usr/local/php/bin/phpunit  --configuration /home/luopan/devspace/mara_cron/test/phpunit.xml --coverage-clover test/reports/phpunit.coverage.xml --log-junit test/reports/phpunit.report.xml
ERROR:root:				shell execute have error! code: 65280  cmd:
/usr/local/php-7.0/bin/php  -d error_reporting="E_ALL&~E_NOTICE"   -c /home/luopan/devspace/mara_cron/conf/used//test_php.ini /usr/local/php/bin/phpunit  --configuration /home/luopan/devspace/mara_cron/test/phpunit.xml --coverage-clover test/reports/phpunit.coverage.xml --log-junit test/reports/phpunit.report.xml
ERROR:root:				shell execute have error! code: 256  cmd:
/usr/local/php-7.0/bin/php  -d error_reporting="E_ALL&~E_NOTICE"   -c /home/luopan/devspace/mara_cron/conf/used//test_php.ini /usr/local/php/bin/phpunit  --configuration /home/luopan/devspace/mara_cron/test/phpunit.xml --coverage-clover test/reports/phpunit.coverage.xml --log-junit test/reports/phpunit.report.xml
ERROR:root:				shell execute have error! code: 256  cmd:
/usr/local/php-7.0/bin/php  -d error_reporting="E_ALL&~E_NOTICE"   -c /home/luopan/devspace/mara_cron/conf/used//test_php.ini /usr/local/php/bin/phpunit  --configuration /home/luopan/devspace/mara_cron/test/phpunit.xml --coverage-clover test/reports/phpunit.coverage.xml --log-junit test/reports/phpunit.report.xml
ERROR:root:				shell execute have error! code: 256  cmd:
/usr/local/php-7.0/bin/php  -d error_reporting="E_ALL&~E_NOTICE"   -c /home/luopan/devspace/mara_cron/conf/used//test_php.ini /usr/local/php/bin/phpunit  --configuration /home/luopan/devspace/mara_cron/test/phpunit.xml --coverage-clover test/reports/phpunit.coverage.xml --log-junit test/reports/phpunit.report.xml
ERROR:root:				shell execute have error! code: 256  cmd:
/usr/local/php-7.0/bin/php  -d error_reporting="E_ALL&~E_NOTICE"   -c /home/luopan/devspace/mara_cron/conf/used//test_php.ini /usr/local/php/bin/phpunit  --configuration /home/luopan/devspace/mara_cron/test/phpunit.xml --coverage-clover test/reports/phpunit.coverage.xml --log-junit test/reports/phpunit.report.xml
ERROR:root:				shell execute have error! code: 256  cmd:
/usr/local/php-7.0/bin/php  -d error_reporting="E_ALL&~E_NOTICE"   -c /home/luopan/devspace/mara_cron/conf/used//test_php.ini /usr/local/php/bin/phpunit  --configuration /home/luopan/devspace/mara_cron/test/phpunit.xml --coverage-clover test/reports/phpunit.coverage.xml --log-junit test/reports/phpunit.report.xml
ERROR:root:				shell execute have error! code: 256  cmd:
/usr/local/php-7.0/bin/php  -d error_reporting="E_ALL&~E_NOTICE"   -c /home/luopan/devspace/mara_cron/conf/used//test_php.ini /usr/local/php/bin/phpunit  --configuration /home/luopan/devspace/mara_cron/test/phpunit.xml --coverage-clover test/reports/phpunit.coverage.xml --log-junit test/reports/phpunit.report.xml
ERROR:root:				shell execute have error! code: 512  cmd:
/usr/local/php-7.0/bin/php  -d error_reporting="E_ALL&~E_NOTICE"   -c /home/luopan/devspace/mara_cron/conf/used//test_php.ini /usr/local/php/bin/phpunit  --configuration /home/luopan/devspace/mara_cron/test/phpunit.xml --coverage-clover test/reports/phpunit.coverage.xml --log-junit test/reports/phpunit.report.xml
ERROR:root:			file /home/luopan/devspace/mara_cron/conf/used/console_php.ini not exists
ERROR:root:				shell execute have error! code: 512  cmd:
/usr/local/php-7.0/bin/php  -d error_reporting="E_ALL&~E_NOTICE"   -c /home/luopan/devspace/mara_cron/conf/used//test_php.ini /usr/local/php/bin/phpunit  --configuration /home/luopan/devspace/mara_cron/test/phpunit.xml --coverage-clover test/reports/phpunit.coverage.xml --log-junit test/reports/phpunit.report.xml
ERROR:root:				shell execute have error! code: 512  cmd:
/usr/local/php-7.0/bin/php  -d error_reporting="E_ALL&~E_NOTICE"   -c /home/luopan/devspace/mara_cron/conf/used//test_php.ini /usr/local/php/bin/phpunit  --configuration /home/luopan/devspace/mara_cron/test/phpunit.xml --coverage-clover test/reports/phpunit.coverage.xml --log-junit test/reports/phpunit.report.xml
ERROR:root:			shell execute have error! code: 2  cmd:
/usr/local/php-7.0/bin/php  -d error_reporting="E_ALL&~E_NOTICE"   -c /home/luopan/devspace/mara_cron/conf/used/console_php.ini src/sys_console/cron_watcher.php  
ERROR:root:			file /home/luopan/devspace/mara_cron/conf/used/console_php.ini not exists
ERROR:root:			shell execute have error! code: 2  cmd:
/usr/local/php-7.0/bin/php  -d error_reporting="E_ALL&~E_NOTICE"   -c /home/luopan/devspace/mara_cron/conf/used/console_php.ini src/sys_console/cron_watcher.php  
ERROR:root:			file /home/luopan/devspace/mara_cron/conf/used/console_php.ini not exists
ERROR:root:			shell execute have error! code: 2  cmd:
/usr/local/php-7.0/bin/php  -d error_reporting="E_ALL&~E_NOTICE"   -c /home/luopan/devspace/mara_cron/conf/used/console_php.ini src/sys_console/cron_watcher.php  
ERROR:root:			file /home/luopan/devspace/mara_cron/conf/used/console_php.ini not exists
ERROR:root:			shell execute have error! code: 2  cmd:
/usr/local/php-7.0/bin/php  -d error_reporting="E_ALL&~E_NOTICE"   -c /home/luopan/devspace/mara_cron/conf/used/console_php.ini src/sys_console/cron_watcher.php  
ERROR:root:			shell execute have error! code: 2  cmd:
/usr/local/php-7.0/bin/php  -d error_reporting="E_ALL&~E_NOTICE"   -c /home/luopan/devspace/mara_cron/conf/used/console_php.ini src/sys_console/cron_watcher.php  
ERROR:root:			file /home/luopan/devspace/mara_cron/conf/used/console_php.ini not exists
ERROR:root:			shell execute have error! code: 2  cmd:
/usr/local/php-7.0/bin/php  -d error_reporting="E_ALL&~E_NOTICE"   -c /home/luopan/devspace/mara_cron/conf/used/console_php.ini src/sys_console/cron_watcher.php  
ERROR:root:			file /home/luopan/devspace/mara_cron/conf/used/console_php.ini not exists
ERROR:root:			shell execute have error! code: 2  cmd:
/usr/local/php-7.0/bin/php  -d error_reporting="E_ALL&~E_NOTICE"   -c /home/luopan/devspace/mara_cron/conf/used/console_php.ini src/sys_console/cron_watcher.php  
ERROR:root:			file /home/luopan/devspace/mara_cron/conf/used/console_php.ini not exists
ERROR:root:			shell execute have error! code: 2  cmd:
/usr/local/php-7.0/bin/php  -d error_reporting="E_ALL&~E_NOTICE"   -c /home/luopan/devspace/mara_cron/conf/used/console_php.ini src/sys_console/cron_watcher.php  
ERROR:root:			file /home/luopan/devspace/mara_cron/conf/used/console_php.ini not exists
ERROR:root:				shell execute have error! code: 65280  cmd:
/usr/local/php-7.0/bin/php  -d error_reporting="E_ALL&~E_NOTICE"   -c /home/luopan/devspace/mara_cron/conf/used//test_php.ini /usr/local/php/bin/phpunit  --configuration /home/luopan/devspace/mara_cron/test/phpunit.xml --coverage-clover test/reports/phpunit.coverage.xml --log-junit test/reports/phpunit.report.xml
ERROR:root:			shell execute have error! code: 2  cmd:
/usr/local/php-7.0/bin/php  -d error_reporting="E_ALL&~E_NOTICE"   -c /home/luopan/devspace/mara_cron/conf/used/console_php.ini src/sys_console/cron_watcher.php  
ERROR:root:			shell execute have error! code: 2  cmd:
/usr/local/php-7.0/bin/php  -d error_reporting="E_ALL&~E_NOTICE"   -c /home/luopan/devspace/mara_cron/conf/used/console_php.ini src/sys_console/cron_watcher.php  
ERROR:root:			file /home/luopan/devspace/mara_cron/conf/used/console_php.ini not exists
